<?xml version="1.0" encoding="UTF-8"?>
<testng-results ignored="0" total="1" passed="1" failed="0" skipped="0">
  <reporter-output>
  </reporter-output>
  <suite started-at="2022-07-31T17:52:31 CDT" name="Suite" finished-at="2022-07-31T17:52:55 CDT" duration-ms="24875">
    <groups>
    </groups>
    <test started-at="2022-07-31T17:52:31 CDT" name="Test" finished-at="2022-07-31T17:52:55 CDT" duration-ms="24875">
      <class name="mySeleniumLearning.OpeningBrowsers">
        <test-method is-config="true" signature="openingBrowser()[pri:0, instance:mySeleniumLearning.OpeningBrowsers@4d0f2471]" started-at="2022-07-31T17:52:31 CDT" name="openingBrowser" finished-at="2022-07-31T17:52:55 CDT" duration-ms="24368" status="PASS">
          <reporter-output>
          </reporter-output>
        </test-method> <!-- openingBrowser -->
        <test-method signature="testGoogle()[pri:0, instance:mySeleniumLearning.OpeningBrowsers@4d0f2471]" started-at="2022-07-31T17:52:55 CDT" name="testGoogle" finished-at="2022-07-31T17:52:55 CDT" duration-ms="446" status="PASS">
          <reporter-output>
          </reporter-output>
        </test-method> <!-- testGoogle -->
      </class> <!-- mySeleniumLearning.OpeningBrowsers -->
    </test> <!-- Test -->
  </suite> <!-- Suite -->
</testng-results>
